{"timestamp":"2025-07-20 11:38:09","url":"https:\/\/xemay365.com.vn\/security_scan_client.php?endpoint=scan&api_key=hiep-security-client-2025-change-this-key","method":"POST","data":[],"headers":["Content-Type: application\/json","Accept: application\/json","X-API-Key: {\"priority_files\":[]}"]}
{"timestamp":"2025-07-20 11:45:17","url":"https:\/\/xemay365.com.vn\/security_scan_client.php?endpoint=delete_file&api_key=hiep-security-client-2025-change-this-key","method":"POST","data":{"file_path":".\/23.php"},"headers":["Content-Type: application\/json","Accept: application\/json"]}
{"timestamp":"2025-07-20 11:45:58","url":"https:\/\/xemay365.com.vn\/security_scan_client.php?endpoint=get_file&api_key=hiep-security-client-2025-change-this-key","method":"POST","data":{"file_path":".\/23.php"},"headers":["Content-Type: application\/json","Accept: application\/json"]}
{"timestamp":"2025-07-20 11:46:00","url":"https:\/\/xemay365.com.vn\/security_scan_client.php?endpoint=delete_file&api_key=hiep-security-client-2025-change-this-key","method":"POST","data":{"file_path":".\/admin\/filemanager\/ajax_calls.php"},"headers":["Content-Type: application\/json","Accept: application\/json"]}
{"timestamp":"2025-07-20 11:47:24","url":"https:\/\/xemay365.com.vn\/security_scan_client.php?endpoint=delete_file&api_key=hiep-security-client-2025-change-this-key","method":"POST","data":{"file_path":".\/23.php"},"headers":["Content-Type: application\/json","Accept: application\/json"]}
{"timestamp":"2025-07-20 11:47:24","url":"https:\/\/xemay365.com.vn\/security_scan_client.php?endpoint=delete_file&api_key=hiep-security-client-2025-change-this-key","method":"POST","data":{"file_path":".\/non_existing_file.php"},"headers":["Content-Type: application\/json","Accept: application\/json"]}
{"timestamp":"2025-07-20 11:47:50","url":"https:\/\/xemay365.com.vn\/security_scan_client.php?endpoint=scan&api_key=hiep-security-client-2025-change-this-key","method":"POST","data":[],"headers":["Content-Type: application\/json","Accept: application\/json","X-API-Key: {\"priority_files\":[]}"]}
{"timestamp":"2025-07-20 11:48:21","url":"https:\/\/xemay365.com.vn\/security_scan_client.php?endpoint=scan&api_key=hiep-security-client-2025-change-this-key","method":"POST","data":[],"headers":["Content-Type: application\/json","Accept: application\/json","X-API-Key: {\"priority_files\":[]}"]}
{"timestamp":"2025-07-20 11:48:31","url":"https:\/\/xemay365.com.vn\/security_scan_client.php?endpoint=delete_file&api_key=hiep-security-client-2025-change-this-key","method":"POST","data":{"file_path":".\/23.php"},"headers":["Content-Type: application\/json","Accept: application\/json"]}
{"timestamp":"2025-07-20 11:51:31","url":"http:\/\/localhost\/2025\/Hiep-Antivirus\/security_scan_client.php?endpoint=scan&api_key=hiep-security-client-2025-change-this-key","method":"POST","data":[],"headers":["Content-Type: application\/json","Accept: application\/json","X-API-Key: {\"priority_files\":[]}"]}
{"timestamp":"2025-07-20 11:51:31","url":"https:\/\/hiepcodeweb.com\/security_scan_client.php?endpoint=scan&api_key=hiep-security-client-2025-change-this-key","method":"POST","data":[],"headers":["Content-Type: application\/json","Accept: application\/json","X-API-Key: {\"priority_files\":[]}"]}
{"timestamp":"2025-07-20 11:51:32","url":"https:\/\/xemay365.com.vn\/security_scan_client.php?endpoint=scan&api_key=hiep-security-client-2025-change-this-key","method":"POST","data":[],"headers":["Content-Type: application\/json","Accept: application\/json","X-API-Key: {\"priority_files\":[]}"]}
{"timestamp":"2025-07-20 11:51:45","url":"http:\/\/localhost\/2025\/Hiep-Antivirus\/security_scan_client.php?endpoint=scan&api_key=hiep-security-client-2025-change-this-key","method":"POST","data":[],"headers":["Content-Type: application\/json","Accept: application\/json","X-API-Key: {\"priority_files\":[]}"]}
{"timestamp":"2025-07-20 11:51:45","url":"https:\/\/hiepcodeweb.com\/security_scan_client.php?endpoint=scan&api_key=hiep-security-client-2025-change-this-key","method":"POST","data":[],"headers":["Content-Type: application\/json","Accept: application\/json","X-API-Key: {\"priority_files\":[]}"]}
{"timestamp":"2025-07-20 11:51:46","url":"https:\/\/xemay365.com.vn\/security_scan_client.php?endpoint=scan&api_key=hiep-security-client-2025-change-this-key","method":"POST","data":[],"headers":["Content-Type: application\/json","Accept: application\/json","X-API-Key: {\"priority_files\":[]}"]}
{"timestamp":"2025-07-20 11:56:41","url":"https:\/\/xemay365.com.vn\/security_scan_client.php?endpoint=scan&api_key=hiep-security-client-2025-change-this-key","method":"POST","data":[],"headers":["Content-Type: application\/json","Accept: application\/json","X-API-Key: {\"priority_files\":[]}"]}
{"timestamp":"2025-07-20 11:56:59","url":"http:\/\/localhost\/2025\/Hiep-Antivirus\/security_scan_client.php?endpoint=scan&api_key=hiep-security-client-2025-change-this-key","method":"POST","data":[],"headers":["Content-Type: application\/json","Accept: application\/json","X-API-Key: {\"priority_files\":[]}"]}
{"timestamp":"2025-07-20 11:56:59","url":"https:\/\/hiepcodeweb.com\/security_scan_client.php?endpoint=scan&api_key=hiep-security-client-2025-change-this-key","method":"POST","data":[],"headers":["Content-Type: application\/json","Accept: application\/json","X-API-Key: {\"priority_files\":[]}"]}
{"timestamp":"2025-07-20 11:56:59","url":"https:\/\/xemay365.com.vn\/security_scan_client.php?endpoint=scan&api_key=hiep-security-client-2025-change-this-key","method":"POST","data":[],"headers":["Content-Type: application\/json","Accept: application\/json","X-API-Key: {\"priority_files\":[]}"]}
{"timestamp":"2025-07-20 11:57:05","url":"https:\/\/xemay365.com.vn\/security_scan_client.php?endpoint=scan&api_key=hiep-security-client-2025-change-this-key","method":"POST","data":[],"headers":["Content-Type: application\/json","Accept: application\/json","X-API-Key: {\"priority_files\":[]}"]}
{"timestamp":"2025-07-20 11:57:17","url":"https:\/\/xemay365.com.vn\/security_scan_client.php?endpoint=delete_file&api_key=hiep-security-client-2025-change-this-key","method":"POST","data":{"file_path":".\/23.php"},"headers":["Content-Type: application\/json","Accept: application\/json"]}
{"timestamp":"2025-07-20 11:58:36","url":"https:\/\/xemay365.com.vn\/security_scan_client.php?endpoint=scan&api_key=hiep-security-client-2025-change-this-key","method":"POST","data":[],"headers":["Content-Type: application\/json","Accept: application\/json","X-API-Key: {\"priority_files\":[]}"]}
{"timestamp":"2025-07-20 11:58:45","url":"https:\/\/xemay365.com.vn\/security_scan_client.php?endpoint=delete_file&api_key=hiep-security-client-2025-change-this-key","method":"POST","data":{"file_path":".\/23.php"},"headers":["Content-Type: application\/json","Accept: application\/json"]}
{"timestamp":"2025-07-20 12:02:50","url":"https:\/\/xemay365.com.vn\/security_scan_client.php?endpoint=scan&api_key=hiep-security-client-2025-change-this-key","method":"POST","data":[],"headers":["Content-Type: application\/json","Accept: application\/json","X-API-Key: {\"priority_files\":[]}"]}
{"timestamp":"2025-07-20 12:02:57","url":"https:\/\/xemay365.com.vn\/security_scan_client.php?endpoint=delete_file&api_key=hiep-security-client-2025-change-this-key","method":"POST","data":{"file_path":".\/23.php"},"headers":["Content-Type: application\/json","Accept: application\/json"]}
{"timestamp":"2025-07-20 12:06:34","url":"https:\/\/xemay365.com.vn\/security_scan_client.php?endpoint=scan&api_key=hiep-security-client-2025-change-this-key","method":"POST","data":[],"headers":["Content-Type: application\/json","Accept: application\/json","X-API-Key: {\"priority_files\":[]}"]}
{"timestamp":"2025-07-20 12:07:02","url":"https:\/\/xemay365.com.vn\/security_scan_client.php?endpoint=delete_file&api_key=hiep-security-client-2025-change-this-key","method":"POST","data":{"file_path":".\/23.php"},"headers":["Content-Type: application\/json","Accept: application\/json"]}
{"timestamp":"2025-07-20 12:10:18","url":"https:\/\/xemay365.com.vn\/security_scan_client.php?endpoint=scan&api_key=hiep-security-client-2025-change-this-key","method":"POST","data":[],"headers":["Content-Type: application\/json","Accept: application\/json","X-API-Key: {\"priority_files\":[]}"]}
{"timestamp":"2025-07-20 12:10:34","url":"https:\/\/xemay365.com.vn\/security_scan_client.php?endpoint=delete_file&api_key=hiep-security-client-2025-change-this-key","method":"POST","data":{"file_path":".\/23.php"},"headers":["Content-Type: application\/json","Accept: application\/json"]}
{"timestamp":"2025-07-20 12:12:31","url":"https:\/\/xemay365.com.vn\/security_scan_client.php?endpoint=scan&api_key=hiep-security-client-2025-change-this-key","method":"POST","data":[],"headers":["Content-Type: application\/json","Accept: application\/json","X-API-Key: {\"priority_files\":[]}"]}
{"timestamp":"2025-07-20 12:12:42","url":"https:\/\/xemay365.com.vn\/security_scan_client.php?endpoint=scan&api_key=hiep-security-client-2025-change-this-key","method":"POST","data":[],"headers":["Content-Type: application\/json","Accept: application\/json","X-API-Key: {\"priority_files\":[]}"]}
{"timestamp":"2025-07-20 12:12:50","url":"https:\/\/xemay365.com.vn\/security_scan_client.php?endpoint=delete_file&api_key=hiep-security-client-2025-change-this-key","method":"POST","data":{"file_path":".\/666.php"},"headers":["Content-Type: application\/json","Accept: application\/json"]}
{"timestamp":"2025-07-20 12:14:35","url":"https:\/\/xemay365.com.vn\/security_scan_client.php?endpoint=scan&api_key=hiep-security-client-2025-change-this-key","method":"POST","data":[],"headers":["Content-Type: application\/json","Accept: application\/json","X-API-Key: {\"priority_files\":[]}"]}
{"timestamp":"2025-07-20 12:14:42","url":"https:\/\/xemay365.com.vn\/security_scan_client.php?endpoint=delete_file&api_key=hiep-security-client-2025-change-this-key","method":"POST","data":{"file_path":".\/23.php"},"headers":["Content-Type: application\/json","Accept: application\/json"]}
{"timestamp":"2025-07-20 12:16:11","url":"https:\/\/xemay365.com.vn\/security_scan_client.php?endpoint=scan&api_key=hiep-security-client-2025-change-this-key","method":"POST","data":[],"headers":["Content-Type: application\/json","Accept: application\/json","X-API-Key: {\"priority_files\":[]}"]}
{"timestamp":"2025-07-20 12:16:57","url":"https:\/\/xemay365.com.vn\/security_scan_client.php?endpoint=scan&api_key=hiep-security-client-2025-change-this-key","method":"POST","data":[],"headers":["Content-Type: application\/json","Accept: application\/json","X-API-Key: {\"priority_files\":[]}"]}
{"timestamp":"2025-07-20 12:20:13","url":"https:\/\/xemay365.com.vn\/security_scan_client.php?endpoint=scan&api_key=hiep-security-client-2025-change-this-key","method":"POST","data":[],"headers":["Content-Type: application\/json","Accept: application\/json","X-API-Key: {\"priority_files\":[]}"]}
{"timestamp":"2025-07-20 12:25:07","url":"https:\/\/xemay365.com.vn\/security_scan_client.php?endpoint=scan&api_key=hiep-security-client-2025-change-this-key","method":"POST","data":[],"headers":["Content-Type: application\/json","Accept: application\/json","X-API-Key: {\"priority_files\":[]}"]}
{"timestamp":"2025-07-20 12:25:32","url":"https:\/\/xemay365.com.vn\/security_scan_client.php?endpoint=scan&api_key=hiep-security-client-2025-change-this-key","method":"POST","data":[],"headers":["Content-Type: application\/json","Accept: application\/json","X-API-Key: {\"priority_files\":[]}"]}
{"timestamp":"2025-07-20 12:25:53","url":"https:\/\/xemay365.com.vn\/security_scan_client.php?endpoint=scan&api_key=hiep-security-client-2025-change-this-key","method":"POST","data":[],"headers":["Content-Type: application\/json","Accept: application\/json","X-API-Key: {\"priority_files\":[]}"]}
{"timestamp":"2025-07-20 12:26:33","url":"https:\/\/xemay365.com.vn\/security_scan_client.php?endpoint=scan&api_key=hiep-security-client-2025-change-this-key","method":"POST","data":[],"headers":["Content-Type: application\/json","Accept: application\/json","X-API-Key: {\"priority_files\":[]}"]}
{"timestamp":"2025-07-20 12:33:35","url":"https:\/\/xemay365.com.vn\/security_scan_client.php?endpoint=scan&api_key=hiep-security-client-2025-change-this-key","method":"POST","data":[],"headers":["Content-Type: application\/json","Accept: application\/json","X-API-Key: {\"priority_files\":[]}"]}
{"timestamp":"2025-07-20 12:37:30","url":"https:\/\/xemay365.com.vn\/security_scan_client.php?endpoint=scan&api_key=hiep-security-client-2025-change-this-key","method":"POST","data":[],"headers":["Content-Type: application\/json","Accept: application\/json","X-API-Key: {\"priority_files\":[]}"]}
{"timestamp":"2025-07-20 12:39:43","url":"https:\/\/xemay365.com.vn\/security_scan_client.php?endpoint=scan&api_key=hiep-security-client-2025-change-this-key","method":"POST","data":[],"headers":["Content-Type: application\/json","Accept: application\/json","X-API-Key: {\"priority_files\":[]}"]}
{"timestamp":"2025-07-20 12:45:17","url":"https:\/\/xemay365.com.vn\/security_scan_client.php?endpoint=scan&api_key=hiep-security-client-2025-change-this-key","method":"POST","data":[],"headers":["Content-Type: application\/json","Accept: application\/json","X-API-Key: {\"priority_files\":[]}"]}
{"timestamp":"2025-07-20 12:46:33","url":"https:\/\/xemay365.com.vn\/security_scan_client.php?endpoint=scan&api_key=hiep-security-client-2025-change-this-key","method":"POST","data":[],"headers":["Content-Type: application\/json","Accept: application\/json","X-API-Key: {\"priority_files\":[]}"]}
{"timestamp":"2025-07-20 12:47:21","url":"https:\/\/xemay365.com.vn\/security_scan_client.php?endpoint=scan&api_key=hiep-security-client-2025-change-this-key","method":"POST","data":[],"headers":["Content-Type: application\/json","Accept: application\/json","X-API-Key: {\"priority_files\":[]}"]}
{"timestamp":"2025-07-20 12:48:12","url":"https:\/\/xemay365.com.vn\/security_scan_client.php?endpoint=scan&api_key=hiep-security-client-2025-change-this-key","method":"POST","data":[],"headers":["Content-Type: application\/json","Accept: application\/json","X-API-Key: {\"priority_files\":[]}"]}
{"timestamp":"2025-07-20 12:48:36","url":"https:\/\/xemay365.com.vn\/security_scan_client.php?endpoint=scan&api_key=hiep-security-client-2025-change-this-key","method":"POST","data":[],"headers":["Content-Type: application\/json","Accept: application\/json","X-API-Key: {\"priority_files\":[]}"]}
{"timestamp":"2025-07-20 12:49:34","url":"https:\/\/xemay365.com.vn\/security_scan_client.php?endpoint=scan&api_key=hiep-security-client-2025-change-this-key","method":"POST","data":[],"headers":["Content-Type: application\/json","Accept: application\/json","X-API-Key: {\"priority_files\":[]}"]}
{"timestamp":"2025-07-20 12:53:32","url":"https:\/\/xemay365.com.vn\/security_scan_client.php?endpoint=scan&api_key=hiep-security-client-2025-change-this-key","method":"POST","data":[],"headers":["Content-Type: application\/json","Accept: application\/json","X-API-Key: {\"priority_files\":[]}"]}
{"timestamp":"2025-07-20 12:54:06","url":"https:\/\/xemay365.com.vn\/security_scan_client.php?endpoint=scan&api_key=hiep-security-client-2025-change-this-key","method":"POST","data":[],"headers":["Content-Type: application\/json","Accept: application\/json","X-API-Key: {\"priority_files\":[]}"]}
